{
  "RSpec": {
    "coverage": {
      "/Users/petra/Google Drive/projects/MakersBnB/spec/feature/create_space_feature_spec.rb": [
        1,
        null,
        null,
        null,
        null,
        null,
        1,
        1,
        null,
        1,
        null,
        1,
        1,
        1,
        1,
        1,
        1,
        1,
        null,
        1,
        1,
        1,
        1,
        1,
        null,
        null,
        null
      ],
      "/Users/petra/Google Drive/projects/MakersBnB/spec/helpers/create_user.rb": [
        1,
        1,
        null,
        null,
        1,
        1,
        null,
        null,
        null,
        null,
        null,
        null
      ],
      "/Users/petra/Google Drive/projects/MakersBnB/spec/feature/log_in_spec.rb": [
        null,
        1,
        1,
        1,
        1,
        null,
        1,
        1,
        1,
        1,
        1,
        1,
        null,
        1,
        1,
        1,
        1,
        1,
        1,
        null,
        null
      ],
      "/Users/petra/Google Drive/projects/MakersBnB/spec/feature/sign_up_spec.rb": [
        1,
        1,
        1,
        1,
        1,
        1,
        1,
        1,
        1,
        1,
        null,
        null
      ],
      "/Users/petra/Google Drive/projects/MakersBnB/spec/feature/user_spec.rb": [
        null,
        null,
        1,
        1,
        1,
        1,
        1,
        1,
        1,
        null,
        null,
        null
      ]
    },
    "timestamp": 1562075888
  }
}
