{
  "RSpec": {
    "coverage": {
      "/Users/petra/Google Drive/projects/MakersBnB/spec/features/create_space_feature_spec.rb": [
        1,
        null,
        null,
        null,
        null,
        null,
        1,
        1,
        null,
        1,
        null,
        1,
        1,
        1,
        1,
        1,
        1,
        1,
        null,
        1,
        1,
        1,
        1,
        1,
        null,
        null,
        null
      ],
      "/Users/petra/Google Drive/projects/MakersBnB/spec/helpers/create_user.rb": [
        1,
        1,
        null,
        null,
        1,
        1,
        null,
        null,
        null,
        null,
        null,
        null
      ]
    },
    "timestamp": 1562064445
  }
}
